[32m2017-12-01 08:34:23.093 WAT [main] c.b.a.Application INFO : Starting Application on itbrain with PID 5125 (/home/ibrahim/projet/bootcamp/rintio/categorie.service.fonctionnel/target/classes started by ibrahim in /home/ibrahim/projet/bootcamp/rintio/categorie.service.fonctionnel)
[m[32m2017-12-01 08:34:23.095 WAT [main] c.b.a.Application DEBUG: Running with Spring Boot v1.5.8.RELEASE, Spring v4.3.12.RELEASE
[m[32m2017-12-01 08:34:23.096 WAT [main] c.b.a.Application INFO : No active profile set, falling back to default profiles: default
[m[32m2017-12-01 08:34:24.312 WAT [main] o.s.b.c.e.AnnotationConfigEmbeddedWebApplicationContext INFO : Refreshing org.springframework.boot.context.embedded.AnnotationConfigEmbeddedWebApplicationContext@22e2d157: startup date [Fri Dec 01 08:34:24 WAT 2017]; root of context hierarchy
[m[32m2017-12-01 08:34:27.093 WAT [main] o.s.c.s.PostProcessorRegistrationDelegate$BeanPostProcessorChecker INFO : Bean 'org.springframework.cache.annotation.ProxyCachingConfiguration' of type [org.springframework.cache.annotation.ProxyCachingConfiguration$$EnhancerBySpringCGLIB$$7a490e09] is not eligible for getting processed by all BeanPostProcessors (for example: not eligible for auto-proxying)
[m[32m2017-12-01 08:34:27.134 WAT [main] o.s.c.s.PostProcessorRegistrationDelegate$BeanPostProcessorChecker INFO : Bean 'org.springframework.boot.autoconfigure.cache.CacheAutoConfiguration' of type [org.springframework.boot.autoconfigure.cache.CacheAutoConfiguration$$EnhancerBySpringCGLIB$$6ebcd2ad] is not eligible for getting processed by all BeanPostProcessors (for example: not eligible for auto-proxying)
[m[32m2017-12-01 08:34:27.329 WAT [main] o.s.c.s.PostProcessorRegistrationDelegate$BeanPostProcessorChecker INFO : Bean 'spring.cache-org.springframework.boot.autoconfigure.cache.CacheProperties' of type [org.springframework.boot.autoconfigure.cache.CacheProperties] is not eligible for getting processed by all BeanPostProcessors (for example: not eligible for auto-proxying)
[m[32m2017-12-01 08:34:27.346 WAT [main] o.s.c.s.PostProcessorRegistrationDelegate$BeanPostProcessorChecker INFO : Bean 'cacheManagerCustomizers' of type [org.springframework.boot.autoconfigure.cache.CacheManagerCustomizers] is not eligible for getting processed by all BeanPostProcessors (for example: not eligible for auto-proxying)
[m[32m2017-12-01 08:34:27.351 WAT [main] o.s.c.s.PostProcessorRegistrationDelegate$BeanPostProcessorChecker INFO : Bean 'org.springframework.boot.autoconfigure.cache.SimpleCacheConfiguration' of type [org.springframework.boot.autoconfigure.cache.SimpleCacheConfiguration$$EnhancerBySpringCGLIB$$1058458e] is not eligible for getting processed by all BeanPostProcessors (for example: not eligible for auto-proxying)
[m[32m2017-12-01 08:34:27.362 WAT [main] o.s.c.s.PostProcessorRegistrationDelegate$BeanPostProcessorChecker INFO : Bean 'cacheManager' of type [org.springframework.cache.concurrent.ConcurrentMapCacheManager] is not eligible for getting processed by all BeanPostProcessors (for example: not eligible for auto-proxying)
[m[32m2017-12-01 08:34:27.364 WAT [main] o.s.c.s.PostProcessorRegistrationDelegate$BeanPostProcessorChecker INFO : Bean 'cacheAutoConfigurationValidator' of type [org.springframework.boot.autoconfigure.cache.CacheAutoConfiguration$CacheManagerValidator] is not eligible for getting processed by all BeanPostProcessors (for example: not eligible for auto-proxying)
[m[32m2017-12-01 08:34:28.329 WAT [main] o.s.b.c.e.t.TomcatEmbeddedServletContainer INFO : Tomcat initialized with port(s): 8082 (http)
[m[32m2017-12-01 08:34:28.573 WAT [localhost-startStop-1] o.s.w.c.ContextLoader INFO : Root WebApplicationContext: initialization completed in 4262 ms
[m[32m2017-12-01 08:34:28.969 WAT [localhost-startStop-1] o.s.b.w.s.ServletRegistrationBean INFO : Mapping servlet: 'dispatcherServlet' to [/]
[m[32m2017-12-01 08:34:28.976 WAT [localhost-startStop-1] o.s.b.w.s.FilterRegistrationBean INFO : Mapping filter: 'metricsFilter' to: [/*]
[m[32m2017-12-01 08:34:28.976 WAT [localhost-startStop-1] o.s.b.w.s.FilterRegistrationBean INFO : Mapping filter: 'characterEncodingFilter' to: [/*]
[m[32m2017-12-01 08:34:28.977 WAT [localhost-startStop-1] o.s.b.w.s.FilterRegistrationBean INFO : Mapping filter: 'webRequestLoggingFilter' to: [/*]
[m[32m2017-12-01 08:34:28.977 WAT [localhost-startStop-1] o.s.b.w.s.FilterRegistrationBean INFO : Mapping filter: 'applicationContextIdFilter' to: [/*]
[m[32m2017-12-01 08:34:29.829 WAT [main] o.s.w.s.m.m.a.RequestMappingHandlerMapping INFO : Mapped "{[/axe/count],methods=[GET]}" onto public org.springframework.http.ResponseEntity<java.util.HashMap<java.lang.String, java.lang.Integer>> com.bootcamp.controllers.AxeController.countAxes() throws java.sql.SQLException
[m[32m2017-12-01 08:34:29.831 WAT [main] o.s.w.s.m.m.a.RequestMappingHandlerMapping INFO : Mapped "{[/axe/],methods=[GET]}" onto public org.springframework.http.ResponseEntity<java.util.List<com.bootcamp.entities.Axe>> com.bootcamp.controllers.AxeController.read() throws java.lang.reflect.InvocationTargetException,java.sql.SQLException,com.bootcamp.commons.exceptions.DatabaseException,java.lang.IllegalAccessException
[m[32m2017-12-01 08:34:29.831 WAT [main] o.s.w.s.m.m.a.RequestMappingHandlerMapping INFO : Mapped "{[/]}" onto public java.lang.String com.bootcamp.controllers.HomeController.index()
[m[32m2017-12-01 08:34:29.834 WAT [main] o.s.w.s.m.m.a.RequestMappingHandlerMapping INFO : Mapped "{[/pilier/],methods=[PUT]}" onto public org.springframework.http.ResponseEntity<com.bootcamp.commons.ws.models.PilierWs> com.bootcamp.controllers.PilierController.update(com.bootcamp.entities.Pilier) throws java.sql.SQLException
[m[32m2017-12-01 08:34:29.834 WAT [main] o.s.w.s.m.m.a.RequestMappingHandlerMapping INFO : Mapped "{[/pilier/{id}],methods=[GET]}" onto public org.springframework.http.ResponseEntity<com.bootcamp.commons.ws.models.PilierWs> com.bootcamp.controllers.PilierController.read(int) throws java.sql.SQLException
[m[32m2017-12-01 08:34:29.835 WAT [main] o.s.w.s.m.m.a.RequestMappingHandlerMapping INFO : Mapped "{[/pilier/list],methods=[GET]}" onto public org.springframework.http.ResponseEntity<com.bootcamp.commons.ws.models.PilierWss> com.bootcamp.controllers.PilierController.read() throws java.sql.SQLException,java.lang.IllegalAccessException,com.bootcamp.commons.exceptions.DatabaseException,java.lang.reflect.InvocationTargetException
[m[32m2017-12-01 08:34:29.835 WAT [main] o.s.w.s.m.m.a.RequestMappingHandlerMapping INFO : Mapped "{[/pilier/{id}],methods=[DELETE]}" onto public org.springframework.http.ResponseEntity<com.bootcamp.commons.ws.models.PilierWs> com.bootcamp.controllers.PilierController.delete(int) throws java.sql.SQLException
[m[32m2017-12-01 08:34:29.839 WAT [main] o.s.w.s.m.m.a.RequestMappingHandlerMapping INFO : Mapped "{[/secteurs/],methods=[PUT]}" onto public org.springframework.http.ResponseEntity<com.bootcamp.commons.ws.models.SecteurWs> com.bootcamp.controllers.SecteurController.update(com.bootcamp.entities.Secteur)
[m[32m2017-12-01 08:34:29.840 WAT [main] o.s.w.s.m.m.a.RequestMappingHandlerMapping INFO : Mapped "{[/secteurs/{id}],methods=[GET]}" onto public org.springframework.http.ResponseEntity<com.bootcamp.commons.ws.models.SecteurWs> com.bootcamp.controllers.SecteurController.read(int)
[m[32m2017-12-01 08:34:29.840 WAT [main] o.s.w.s.m.m.a.RequestMappingHandlerMapping INFO : Mapped "{[/secteurs],methods=[GET]}" onto public org.springframework.http.ResponseEntity<java.util.List<com.bootcamp.entities.Secteur>> com.bootcamp.controllers.SecteurController.read()
[m[32m2017-12-01 08:34:29.840 WAT [main] o.s.w.s.m.m.a.RequestMappingHandlerMapping INFO : Mapped "{[/secteurs/{id}],methods=[DELETE]}" onto public org.springframework.http.ResponseEntity<com.bootcamp.commons.ws.models.SecteurWs> com.bootcamp.controllers.SecteurController.delete(int)
[m[32m2017-12-01 08:34:29.841 WAT [main] o.s.w.s.m.m.a.RequestMappingHandlerMapping INFO : Mapped "{[/secteurs/],methods=[POST]}" onto public org.springframework.http.ResponseEntity<com.bootcamp.commons.ws.models.SecteurWs> com.bootcamp.controllers.SecteurController.create(com.bootcamp.entities.Secteur)
[m[32m2017-12-01 08:34:29.842 WAT [main] o.s.w.s.m.m.a.RequestMappingHandlerMapping INFO : Mapped "{[/v2/api-docs],methods=[GET],produces=[application/json || application/hal+json]}" onto public org.springframework.http.ResponseEntity<springfox.documentation.spring.web.json.Json> springfox.documentation.swagger2.web.Swagger2Controller.getDocumentation(java.lang.String,javax.servlet.http.HttpServletRequest)
[m[32m2017-12-01 08:34:29.850 WAT [main] o.s.w.s.m.m.a.RequestMappingHandlerMapping INFO : Mapped "{[/swagger-resources]}" onto org.springframework.http.ResponseEntity<java.util.List<springfox.documentation.swagger.web.SwaggerResource>> springfox.documentation.swagger.web.ApiResourceController.swaggerResources()
[m[32m2017-12-01 08:34:29.851 WAT [main] o.s.w.s.m.m.a.RequestMappingHandlerMapping INFO : Mapped "{[/swagger-resources/configuration/ui]}" onto org.springframework.http.ResponseEntity<springfox.documentation.swagger.web.UiConfiguration> springfox.documentation.swagger.web.ApiResourceController.uiConfiguration()
[m[32m2017-12-01 08:34:29.852 WAT [main] o.s.w.s.m.m.a.RequestMappingHandlerMapping INFO : Mapped "{[/swagger-resources/configuration/security]}" onto org.springframework.http.ResponseEntity<springfox.documentation.swagger.web.SecurityConfiguration> springfox.documentation.swagger.web.ApiResourceController.securityConfiguration()
[m[32m2017-12-01 08:34:29.861 WAT [main] o.s.w.s.m.m.a.RequestMappingHandlerMapping INFO : Mapped "{[/error],produces=[text/html]}" onto public org.springframework.web.servlet.ModelAndView org.springframework.boot.autoconfigure.web.BasicErrorController.errorHtml(javax.servlet.http.HttpServletRequest,javax.servlet.http.HttpServletResponse)
[m[32m2017-12-01 08:34:29.861 WAT [main] o.s.w.s.m.m.a.RequestMappingHandlerMapping INFO : Mapped "{[/error]}" onto public org.springframework.http.ResponseEntity<java.util.Map<java.lang.String, java.lang.Object>> org.springframework.boot.autoconfigure.web.BasicErrorController.error(javax.servlet.http.HttpServletRequest)
[m[32m2017-12-01 08:34:30.430 WAT [main] o.s.b.a.e.m.EndpointHandlerMapping INFO : Mapped "{[/info || /info.json],methods=[GET],produces=[application/vnd.spring-boot.actuator.v1+json || application/json]}" onto public java.lang.Object org.springframework.boot.actuate.endpoint.mvc.EndpointMvcAdapter.invoke()
[m[32m2017-12-01 08:34:30.433 WAT [main] o.s.b.a.e.m.EndpointHandlerMapping INFO : Mapped "{[/auditevents || /auditevents.json],methods=[GET],produces=[application/vnd.spring-boot.actuator.v1+json || application/json]}" onto public org.springframework.http.ResponseEntity<?> org.springframework.boot.actuate.endpoint.mvc.AuditEventsMvcEndpoint.findByPrincipalAndAfterAndType(java.lang.String,java.util.Date,java.lang.String)
[m[32m2017-12-01 08:34:30.437 WAT [main] o.s.b.a.e.m.EndpointHandlerMapping INFO : Mapped "{[/loggers/{name:.*}],methods=[GET],produces=[application/vnd.spring-boot.actuator.v1+json || application/json]}" onto public java.lang.Object org.springframework.boot.actuate.endpoint.mvc.LoggersMvcEndpoint.get(java.lang.String)
[m[32m2017-12-01 08:34:30.438 WAT [main] o.s.b.a.e.m.EndpointHandlerMapping INFO : Mapped "{[/loggers/{name:.*}],methods=[POST],consumes=[application/vnd.spring-boot.actuator.v1+json || application/json],produces=[application/vnd.spring-boot.actuator.v1+json || application/json]}" onto public java.lang.Object org.springframework.boot.actuate.endpoint.mvc.LoggersMvcEndpoint.set(java.lang.String,java.util.Map<java.lang.String, java.lang.String>)
[m[32m2017-12-01 08:34:30.439 WAT [main] o.s.b.a.e.m.EndpointHandlerMapping INFO : Mapped "{[/loggers || /loggers.json],methods=[GET],produces=[application/vnd.spring-boot.actuator.v1+json || application/json]}" onto public java.lang.Object org.springframework.boot.actuate.endpoint.mvc.EndpointMvcAdapter.invoke()
[m[32m2017-12-01 08:34:30.440 WAT [main] o.s.b.a.e.m.EndpointHandlerMapping INFO : Mapped "{[/heapdump || /heapdump.json],methods=[GET],produces=[application/octet-stream]}" onto public void org.springframework.boot.actuate.endpoint.mvc.HeapdumpMvcEndpoint.invoke(boolean,javax.servlet.http.HttpServletRequest,javax.servlet.http.HttpServletResponse) throws java.io.IOException,javax.servlet.ServletException
[m[32m2017-12-01 08:34:30.442 WAT [main] o.s.b.a.e.m.EndpointHandlerMapping INFO : Mapped "{[/beans || /beans.json],methods=[GET],produces=[application/vnd.spring-boot.actuator.v1+json || application/json]}" onto public java.lang.Object org.springframework.boot.actuate.endpoint.mvc.EndpointMvcAdapter.invoke()
[m[32m2017-12-01 08:34:30.443 WAT [main] o.s.b.a.e.m.EndpointHandlerMapping INFO : Mapped "{[/dump || /dump.json],methods=[GET],produces=[application/vnd.spring-boot.actuator.v1+json || application/json]}" onto public java.lang.Object org.springframework.boot.actuate.endpoint.mvc.EndpointMvcAdapter.invoke()
[m[32m2017-12-01 08:34:30.445 WAT [main] o.s.b.a.e.m.EndpointHandlerMapping INFO : Mapped "{[/env/{name:.*}],methods=[GET],produces=[application/vnd.spring-boot.actuator.v1+json || application/json]}" onto public java.lang.Object org.springframework.boot.actuate.endpoint.mvc.EnvironmentMvcEndpoint.value(java.lang.String)
[m[32m2017-12-01 08:34:30.445 WAT [main] o.s.b.a.e.m.EndpointHandlerMapping INFO : Mapped "{[/env || /env.json],methods=[GET],produces=[application/vnd.spring-boot.actuator.v1+json || application/json]}" onto public java.lang.Object org.springframework.boot.actuate.endpoint.mvc.EndpointMvcAdapter.invoke()
[m[32m2017-12-01 08:34:30.446 WAT [main] o.s.b.a.e.m.EndpointHandlerMapping INFO : Mapped "{[/mappings || /mappings.json],methods=[GET],produces=[application/vnd.spring-boot.actuator.v1+json || application/json]}" onto public java.lang.Object org.springframework.boot.actuate.endpoint.mvc.EndpointMvcAdapter.invoke()
[m[32m2017-12-01 08:34:30.448 WAT [main] o.s.b.a.e.m.EndpointHandlerMapping INFO : Mapped "{[/trace || /trace.json],methods=[GET],produces=[application/vnd.spring-boot.actuator.v1+json || application/json]}" onto public java.lang.Object org.springframework.boot.actuate.endpoint.mvc.EndpointMvcAdapter.invoke()
[m[32m2017-12-01 08:34:30.450 WAT [main] o.s.b.a.e.m.EndpointHandlerMapping INFO : Mapped "{[/health || /health.json],methods=[GET],produces=[application/vnd.spring-boot.actuator.v1+json || application/json]}" onto public java.lang.Object org.springframework.boot.actuate.endpoint.mvc.HealthMvcEndpoint.invoke(javax.servlet.http.HttpServletRequest,java.security.Principal)
[m[32m2017-12-01 08:34:30.451 WAT [main] o.s.b.a.e.m.EndpointHandlerMapping INFO : Mapped "{[/metrics/{name:.*}],methods=[GET],produces=[application/vnd.spring-boot.actuator.v1+json || application/json]}" onto public java.lang.Object org.springframework.boot.actuate.endpoint.mvc.MetricsMvcEndpoint.value(java.lang.String)
[m[32m2017-12-01 08:34:30.452 WAT [main] o.s.b.a.e.m.EndpointHandlerMapping INFO : Mapped "{[/metrics || /metrics.json],methods=[GET],produces=[application/vnd.spring-boot.actuator.v1+json || application/json]}" onto public java.lang.Object org.springframework.boot.actuate.endpoint.mvc.EndpointMvcAdapter.invoke()
[m[32m2017-12-01 08:34:30.453 WAT [main] o.s.b.a.e.m.EndpointHandlerMapping INFO : Mapped "{[/configprops || /configprops.json],methods=[GET],produces=[application/vnd.spring-boot.actuator.v1+json || application/json]}" onto public java.lang.Object org.springframework.boot.actuate.endpoint.mvc.EndpointMvcAdapter.invoke()
[m[32m2017-12-01 08:34:30.454 WAT [main] o.s.b.a.e.m.EndpointHandlerMapping INFO : Mapped "{[/autoconfig || /autoconfig.json],methods=[GET],produces=[application/vnd.spring-boot.actuator.v1+json || application/json]}" onto public java.lang.Object org.springframework.boot.actuate.endpoint.mvc.EndpointMvcAdapter.invoke()
[m[32m2017-12-01 08:34:30.965 WAT [main] o.s.w.s.h.SimpleUrlHandlerMapping INFO : Mapped URL path [/swagger-ui.html] onto handler of type [class org.springframework.web.servlet.resource.ResourceHttpRequestHandler]
[m[32m2017-12-01 08:34:30.965 WAT [main] o.s.w.s.h.SimpleUrlHandlerMapping INFO : Mapped URL path [/webjars/**] onto handler of type [class org.springframework.web.servlet.resource.ResourceHttpRequestHandler]
[m[32m2017-12-01 08:34:31.082 WAT [main] o.s.w.s.m.m.a.RequestMappingHandlerAdapter INFO : Looking for @ControllerAdvice: org.springframework.boot.context.embedded.AnnotationConfigEmbeddedWebApplicationContext@22e2d157: startup date [Fri Dec 01 08:34:24 WAT 2017]; root of context hierarchy
[m[33m2017-12-01 08:34:32.318 WAT [main] o.s.b.a.t.AbstractTemplateResolverConfiguration WARN : Cannot find template location: classpath:/templates/ (please add some templates or check your Thymeleaf configuration)
[m[32m2017-12-01 08:34:32.531 WAT [main] o.s.c.s.DefaultLifecycleProcessor INFO : Starting beans in phase 2147483647
[m[32m2017-12-01 08:34:33.647 WAT [main] o.s.b.c.e.t.TomcatEmbeddedServletContainer INFO : Tomcat started on port(s): 8082 (http)
[m[32m2017-12-01 08:34:33.658 WAT [main] c.b.a.Application INFO : Started Application in 11.507 seconds (JVM running for 26.493)
[m[32m2017-12-01 09:05:54.376 WAT [Thread-3] o.s.b.c.e.AnnotationConfigEmbeddedWebApplicationContext INFO : Closing org.springframework.boot.context.embedded.AnnotationConfigEmbeddedWebApplicationContext@22e2d157: startup date [Fri Dec 01 08:34:24 WAT 2017]; root of context hierarchy
[m[32m2017-12-01 09:05:54.451 WAT [Thread-3] o.s.c.s.DefaultLifecycleProcessor INFO : Stopping beans in phase 2147483647
[m[32m2017-12-01 18:38:29.865 WAT [main] c.b.a.Application INFO : Starting Application on itbrain with PID 22896 (/home/ibrahim/projet/bootcamp/rintio/categorie.service.fonctionnel/target/classes started by ibrahim in /home/ibrahim/projet/bootcamp/rintio/categorie.service.fonctionnel)
[m[32m2017-12-01 18:38:29.878 WAT [main] c.b.a.Application DEBUG: Running with Spring Boot v1.5.8.RELEASE, Spring v4.3.12.RELEASE
[m[32m2017-12-01 18:38:29.879 WAT [main] c.b.a.Application INFO : No active profile set, falling back to default profiles: default
[m[32m2017-12-01 18:38:31.738 WAT [main] o.s.b.c.e.AnnotationConfigEmbeddedWebApplicationContext INFO : Refreshing org.springframework.boot.context.embedded.AnnotationConfigEmbeddedWebApplicationContext@431fa01: startup date [Fri Dec 01 18:38:31 WAT 2017]; root of context hierarchy
[m[32m2017-12-01 18:38:34.704 WAT [main] o.s.c.s.PostProcessorRegistrationDelegate$BeanPostProcessorChecker INFO : Bean 'org.springframework.cache.annotation.ProxyCachingConfiguration' of type [org.springframework.cache.annotation.ProxyCachingConfiguration$$EnhancerBySpringCGLIB$$cbec415b] is not eligible for getting processed by all BeanPostProcessors (for example: not eligible for auto-proxying)
[m[32m2017-12-01 18:38:34.745 WAT [main] o.s.c.s.PostProcessorRegistrationDelegate$BeanPostProcessorChecker INFO : Bean 'org.springframework.boot.autoconfigure.cache.CacheAutoConfiguration' of type [org.springframework.boot.autoconfigure.cache.CacheAutoConfiguration$$EnhancerBySpringCGLIB$$c06005ff] is not eligible for getting processed by all BeanPostProcessors (for example: not eligible for auto-proxying)
[m[32m2017-12-01 18:38:34.943 WAT [main] o.s.c.s.PostProcessorRegistrationDelegate$BeanPostProcessorChecker INFO : Bean 'spring.cache-org.springframework.boot.autoconfigure.cache.CacheProperties' of type [org.springframework.boot.autoconfigure.cache.CacheProperties] is not eligible for getting processed by all BeanPostProcessors (for example: not eligible for auto-proxying)
[m[32m2017-12-01 18:38:34.960 WAT [main] o.s.c.s.PostProcessorRegistrationDelegate$BeanPostProcessorChecker INFO : Bean 'cacheManagerCustomizers' of type [org.springframework.boot.autoconfigure.cache.CacheManagerCustomizers] is not eligible for getting processed by all BeanPostProcessors (for example: not eligible for auto-proxying)
[m[32m2017-12-01 18:38:34.965 WAT [main] o.s.c.s.PostProcessorRegistrationDelegate$BeanPostProcessorChecker INFO : Bean 'org.springframework.boot.autoconfigure.cache.SimpleCacheConfiguration' of type [org.springframework.boot.autoconfigure.cache.SimpleCacheConfiguration$$EnhancerBySpringCGLIB$$61fb78e0] is not eligible for getting processed by all BeanPostProcessors (for example: not eligible for auto-proxying)
[m[32m2017-12-01 18:38:34.976 WAT [main] o.s.c.s.PostProcessorRegistrationDelegate$BeanPostProcessorChecker INFO : Bean 'cacheManager' of type [org.springframework.cache.concurrent.ConcurrentMapCacheManager] is not eligible for getting processed by all BeanPostProcessors (for example: not eligible for auto-proxying)
[m[32m2017-12-01 18:38:34.977 WAT [main] o.s.c.s.PostProcessorRegistrationDelegate$BeanPostProcessorChecker INFO : Bean 'cacheAutoConfigurationValidator' of type [org.springframework.boot.autoconfigure.cache.CacheAutoConfiguration$CacheManagerValidator] is not eligible for getting processed by all BeanPostProcessors (for example: not eligible for auto-proxying)
[m[32m2017-12-01 18:38:36.530 WAT [main] o.s.b.c.e.t.TomcatEmbeddedServletContainer INFO : Tomcat initialized with port(s): 8082 (http)
[m[32m2017-12-01 18:38:37.278 WAT [localhost-startStop-1] o.s.w.c.ContextLoader INFO : Root WebApplicationContext: initialization completed in 5539 ms
[m[32m2017-12-01 18:38:37.716 WAT [localhost-startStop-1] o.s.b.w.s.ServletRegistrationBean INFO : Mapping servlet: 'dispatcherServlet' to [/]
[m[32m2017-12-01 18:38:37.723 WAT [localhost-startStop-1] o.s.b.w.s.FilterRegistrationBean INFO : Mapping filter: 'metricsFilter' to: [/*]
[m[32m2017-12-01 18:38:37.724 WAT [localhost-startStop-1] o.s.b.w.s.FilterRegistrationBean INFO : Mapping filter: 'characterEncodingFilter' to: [/*]
[m[32m2017-12-01 18:38:37.724 WAT [localhost-startStop-1] o.s.b.w.s.FilterRegistrationBean INFO : Mapping filter: 'webRequestLoggingFilter' to: [/*]
[m[32m2017-12-01 18:38:37.724 WAT [localhost-startStop-1] o.s.b.w.s.FilterRegistrationBean INFO : Mapping filter: 'applicationContextIdFilter' to: [/*]
[m[32m2017-12-01 18:38:38.697 WAT [main] o.s.w.s.m.m.a.RequestMappingHandlerMapping INFO : Mapped "{[/axes/count],methods=[GET]}" onto public org.springframework.http.ResponseEntity<java.util.HashMap<java.lang.String, java.lang.Integer>> com.bootcamp.controllers.AxeController.countAxes() throws java.sql.SQLException
[m[32m2017-12-01 18:38:38.699 WAT [main] o.s.w.s.m.m.a.RequestMappingHandlerMapping INFO : Mapped "{[/axes],methods=[GET]}" onto public org.springframework.http.ResponseEntity<java.util.List<com.bootcamp.entities.Axe>> com.bootcamp.controllers.AxeController.read() throws java.lang.reflect.InvocationTargetException,java.sql.SQLException,com.bootcamp.commons.exceptions.DatabaseException,java.lang.IllegalAccessException
[m[32m2017-12-01 18:38:38.700 WAT [main] o.s.w.s.m.m.a.RequestMappingHandlerMapping INFO : Mapped "{[/]}" onto public java.lang.String com.bootcamp.controllers.HomeController.index()
[m[32m2017-12-01 18:38:38.702 WAT [main] o.s.w.s.m.m.a.RequestMappingHandlerMapping INFO : Mapped "{[/piliers/{id}],methods=[GET]}" onto public org.springframework.http.ResponseEntity<com.bootcamp.entities.Pilier> com.bootcamp.controllers.PilierController.read(int) throws java.sql.SQLException
[m[32m2017-12-01 18:38:38.703 WAT [main] o.s.w.s.m.m.a.RequestMappingHandlerMapping INFO : Mapped "{[/piliers],methods=[GET]}" onto public org.springframework.http.ResponseEntity<java.util.List<com.bootcamp.entities.Pilier>> com.bootcamp.controllers.PilierController.read() throws java.sql.SQLException,java.lang.IllegalAccessException,com.bootcamp.commons.exceptions.DatabaseException,java.lang.reflect.InvocationTargetException
[m[32m2017-12-01 18:38:38.704 WAT [main] o.s.w.s.m.m.a.RequestMappingHandlerMapping INFO : Mapped "{[/v2/api-docs],methods=[GET],produces=[application/json || application/hal+json]}" onto public org.springframework.http.ResponseEntity<springfox.documentation.spring.web.json.Json> springfox.documentation.swagger2.web.Swagger2Controller.getDocumentation(java.lang.String,javax.servlet.http.HttpServletRequest)
[m[32m2017-12-01 18:38:38.712 WAT [main] o.s.w.s.m.m.a.RequestMappingHandlerMapping INFO : Mapped "{[/swagger-resources]}" onto org.springframework.http.ResponseEntity<java.util.List<springfox.documentation.swagger.web.SwaggerResource>> springfox.documentation.swagger.web.ApiResourceController.swaggerResources()
[m[32m2017-12-01 18:38:38.714 WAT [main] o.s.w.s.m.m.a.RequestMappingHandlerMapping INFO : Mapped "{[/swagger-resources/configuration/ui]}" onto org.springframework.http.ResponseEntity<springfox.documentation.swagger.web.UiConfiguration> springfox.documentation.swagger.web.ApiResourceController.uiConfiguration()
[m[32m2017-12-01 18:38:38.715 WAT [main] o.s.w.s.m.m.a.RequestMappingHandlerMapping INFO : Mapped "{[/swagger-resources/configuration/security]}" onto org.springframework.http.ResponseEntity<springfox.documentation.swagger.web.SecurityConfiguration> springfox.documentation.swagger.web.ApiResourceController.securityConfiguration()
[m[32m2017-12-01 18:38:38.724 WAT [main] o.s.w.s.m.m.a.RequestMappingHandlerMapping INFO : Mapped "{[/error],produces=[text/html]}" onto public org.springframework.web.servlet.ModelAndView org.springframework.boot.autoconfigure.web.BasicErrorController.errorHtml(javax.servlet.http.HttpServletRequest,javax.servlet.http.HttpServletResponse)
[m[32m2017-12-01 18:38:38.725 WAT [main] o.s.w.s.m.m.a.RequestMappingHandlerMapping INFO : Mapped "{[/error]}" onto public org.springframework.http.ResponseEntity<java.util.Map<java.lang.String, java.lang.Object>> org.springframework.boot.autoconfigure.web.BasicErrorController.error(javax.servlet.http.HttpServletRequest)
[m[32m2017-12-01 18:38:39.291 WAT [main] o.s.b.a.e.m.EndpointHandlerMapping INFO : Mapped "{[/heapdump || /heapdump.json],methods=[GET],produces=[application/octet-stream]}" onto public void org.springframework.boot.actuate.endpoint.mvc.HeapdumpMvcEndpoint.invoke(boolean,javax.servlet.http.HttpServletRequest,javax.servlet.http.HttpServletResponse) throws java.io.IOException,javax.servlet.ServletException
[m[32m2017-12-01 18:38:39.297 WAT [main] o.s.b.a.e.m.EndpointHandlerMapping INFO : Mapped "{[/loggers/{name:.*}],methods=[GET],produces=[application/vnd.spring-boot.actuator.v1+json || application/json]}" onto public java.lang.Object org.springframework.boot.actuate.endpoint.mvc.LoggersMvcEndpoint.get(java.lang.String)
[m[32m2017-12-01 18:38:39.298 WAT [main] o.s.b.a.e.m.EndpointHandlerMapping INFO : Mapped "{[/loggers/{name:.*}],methods=[POST],consumes=[application/vnd.spring-boot.actuator.v1+json || application/json],produces=[application/vnd.spring-boot.actuator.v1+json || application/json]}" onto public java.lang.Object org.springframework.boot.actuate.endpoint.mvc.LoggersMvcEndpoint.set(java.lang.String,java.util.Map<java.lang.String, java.lang.String>)
[m[32m2017-12-01 18:38:39.298 WAT [main] o.s.b.a.e.m.EndpointHandlerMapping INFO : Mapped "{[/loggers || /loggers.json],methods=[GET],produces=[application/vnd.spring-boot.actuator.v1+json || application/json]}" onto public java.lang.Object org.springframework.boot.actuate.endpoint.mvc.EndpointMvcAdapter.invoke()
[m[32m2017-12-01 18:38:39.300 WAT [main] o.s.b.a.e.m.EndpointHandlerMapping INFO : Mapped "{[/autoconfig || /autoconfig.json],methods=[GET],produces=[application/vnd.spring-boot.actuator.v1+json || application/json]}" onto public java.lang.Object org.springframework.boot.actuate.endpoint.mvc.EndpointMvcAdapter.invoke()
[m[32m2017-12-01 18:38:39.304 WAT [main] o.s.b.a.e.m.EndpointHandlerMapping INFO : Mapped "{[/dump || /dump.json],methods=[GET],produces=[application/vnd.spring-boot.actuator.v1+json || application/json]}" onto public java.lang.Object org.springframework.boot.actuate.endpoint.mvc.EndpointMvcAdapter.invoke()
[m[32m2017-12-01 18:38:39.305 WAT [main] o.s.b.a.e.m.EndpointHandlerMapping INFO : Mapped "{[/configprops || /configprops.json],methods=[GET],produces=[application/vnd.spring-boot.actuator.v1+json || application/json]}" onto public java.lang.Object org.springframework.boot.actuate.endpoint.mvc.EndpointMvcAdapter.invoke()
[m[32m2017-12-01 18:38:39.306 WAT [main] o.s.b.a.e.m.EndpointHandlerMapping INFO : Mapped "{[/mappings || /mappings.json],methods=[GET],produces=[application/vnd.spring-boot.actuator.v1+json || application/json]}" onto public java.lang.Object org.springframework.boot.actuate.endpoint.mvc.EndpointMvcAdapter.invoke()
[m[32m2017-12-01 18:38:39.308 WAT [main] o.s.b.a.e.m.EndpointHandlerMapping INFO : Mapped "{[/auditevents || /auditevents.json],methods=[GET],produces=[application/vnd.spring-boot.actuator.v1+json || application/json]}" onto public org.springframework.http.ResponseEntity<?> org.springframework.boot.actuate.endpoint.mvc.AuditEventsMvcEndpoint.findByPrincipalAndAfterAndType(java.lang.String,java.util.Date,java.lang.String)
[m[32m2017-12-01 18:38:39.310 WAT [main] o.s.b.a.e.m.EndpointHandlerMapping INFO : Mapped "{[/health || /health.json],methods=[GET],produces=[application/vnd.spring-boot.actuator.v1+json || application/json]}" onto public java.lang.Object org.springframework.boot.actuate.endpoint.mvc.HealthMvcEndpoint.invoke(javax.servlet.http.HttpServletRequest,java.security.Principal)
[m[32m2017-12-01 18:38:39.312 WAT [main] o.s.b.a.e.m.EndpointHandlerMapping INFO : Mapped "{[/metrics/{name:.*}],methods=[GET],produces=[application/vnd.spring-boot.actuator.v1+json || application/json]}" onto public java.lang.Object org.springframework.boot.actuate.endpoint.mvc.MetricsMvcEndpoint.value(java.lang.String)
[m[32m2017-12-01 18:38:39.312 WAT [main] o.s.b.a.e.m.EndpointHandlerMapping INFO : Mapped "{[/metrics || /metrics.json],methods=[GET],produces=[application/vnd.spring-boot.actuator.v1+json || application/json]}" onto public java.lang.Object org.springframework.boot.actuate.endpoint.mvc.EndpointMvcAdapter.invoke()
[m[32m2017-12-01 18:38:39.314 WAT [main] o.s.b.a.e.m.EndpointHandlerMapping INFO : Mapped "{[/env/{name:.*}],methods=[GET],produces=[application/vnd.spring-boot.actuator.v1+json || application/json]}" onto public java.lang.Object org.springframework.boot.actuate.endpoint.mvc.EnvironmentMvcEndpoint.value(java.lang.String)
[m[32m2017-12-01 18:38:39.314 WAT [main] o.s.b.a.e.m.EndpointHandlerMapping INFO : Mapped "{[/env || /env.json],methods=[GET],produces=[application/vnd.spring-boot.actuator.v1+json || application/json]}" onto public java.lang.Object org.springframework.boot.actuate.endpoint.mvc.EndpointMvcAdapter.invoke()
[m[32m2017-12-01 18:38:39.315 WAT [main] o.s.b.a.e.m.EndpointHandlerMapping INFO : Mapped "{[/info || /info.json],methods=[GET],produces=[application/vnd.spring-boot.actuator.v1+json || application/json]}" onto public java.lang.Object org.springframework.boot.actuate.endpoint.mvc.EndpointMvcAdapter.invoke()
[m[32m2017-12-01 18:38:39.316 WAT [main] o.s.b.a.e.m.EndpointHandlerMapping INFO : Mapped "{[/beans || /beans.json],methods=[GET],produces=[application/vnd.spring-boot.actuator.v1+json || application/json]}" onto public java.lang.Object org.springframework.boot.actuate.endpoint.mvc.EndpointMvcAdapter.invoke()
[m[32m2017-12-01 18:38:39.317 WAT [main] o.s.b.a.e.m.EndpointHandlerMapping INFO : Mapped "{[/trace || /trace.json],methods=[GET],produces=[application/vnd.spring-boot.actuator.v1+json || application/json]}" onto public java.lang.Object org.springframework.boot.actuate.endpoint.mvc.EndpointMvcAdapter.invoke()
[m[32m2017-12-01 18:38:39.947 WAT [main] o.s.w.s.h.SimpleUrlHandlerMapping INFO : Mapped URL path [/swagger-ui.html] onto handler of type [class org.springframework.web.servlet.resource.ResourceHttpRequestHandler]
[m[32m2017-12-01 18:38:39.948 WAT [main] o.s.w.s.h.SimpleUrlHandlerMapping INFO : Mapped URL path [/webjars/**] onto handler of type [class org.springframework.web.servlet.resource.ResourceHttpRequestHandler]
[m[32m2017-12-01 18:38:40.068 WAT [main] o.s.w.s.m.m.a.RequestMappingHandlerAdapter INFO : Looking for @ControllerAdvice: org.springframework.boot.context.embedded.AnnotationConfigEmbeddedWebApplicationContext@431fa01: startup date [Fri Dec 01 18:38:31 WAT 2017]; root of context hierarchy
[m[33m2017-12-01 18:38:41.256 WAT [main] o.s.b.a.t.AbstractTemplateResolverConfiguration WARN : Cannot find template location: classpath:/templates/ (please add some templates or check your Thymeleaf configuration)
[m[32m2017-12-01 18:38:41.436 WAT [main] o.s.c.s.DefaultLifecycleProcessor INFO : Starting beans in phase 2147483647
[m[32m2017-12-01 18:38:42.095 WAT [main] o.s.b.c.e.t.TomcatEmbeddedServletContainer INFO : Tomcat started on port(s): 8082 (http)
[m[32m2017-12-01 18:38:42.110 WAT [main] c.b.a.Application INFO : Started Application in 43.446 seconds (JVM running for 73.905)
[m[32m2017-12-01 18:38:52.779 WAT [http-nio-8082-exec-2] o.s.w.s.DispatcherServlet INFO : FrameworkServlet 'dispatcherServlet': initialization started
[m[32m2017-12-01 18:38:52.814 WAT [http-nio-8082-exec-2] o.s.w.s.DispatcherServlet INFO : FrameworkServlet 'dispatcherServlet': initialization completed in 35 ms
[m[33m2017-12-01 19:26:06.687 WAT [http-nio-8082-exec-7] o.s.w.s.PageNotFound WARN : No mapping found for HTTP request with URI [/categorie/secteurs] in DispatcherServlet with name 'dispatcherServlet'
[m[32m2017-12-01 19:43:35.661 WAT [Thread-3] o.s.b.c.e.AnnotationConfigEmbeddedWebApplicationContext INFO : Closing org.springframework.boot.context.embedded.AnnotationConfigEmbeddedWebApplicationContext@431fa01: startup date [Fri Dec 01 18:38:31 WAT 2017]; root of context hierarchy
[m[32m2017-12-01 19:43:36.736 WAT [Thread-3] o.s.c.s.DefaultLifecycleProcessor INFO : Stopping beans in phase 2147483647
[m[32m2017-12-01 20:14:23.228 WAT [main] c.b.a.Application INFO : Starting Application on itbrain with PID 27370 (/home/ibrahim/projet/bootcamp/rintio/categorie.service.fonctionnel/target/classes started by ibrahim in /home/ibrahim/projet/bootcamp/rintio/categorie.service.fonctionnel)
[m[32m2017-12-01 20:14:23.231 WAT [main] c.b.a.Application DEBUG: Running with Spring Boot v1.5.8.RELEASE, Spring v4.3.12.RELEASE
[m[32m2017-12-01 20:14:23.233 WAT [main] c.b.a.Application INFO : No active profile set, falling back to default profiles: default
[m[32m2017-12-01 20:14:24.475 WAT [main] o.s.b.c.e.AnnotationConfigEmbeddedWebApplicationContext INFO : Refreshing org.springframework.boot.context.embedded.AnnotationConfigEmbeddedWebApplicationContext@50ea3da4: startup date [Fri Dec 01 20:14:24 WAT 2017]; root of context hierarchy
[m[32m2017-12-01 20:14:27.428 WAT [main] o.s.c.s.PostProcessorRegistrationDelegate$BeanPostProcessorChecker INFO : Bean 'org.springframework.cache.annotation.ProxyCachingConfiguration' of type [org.springframework.cache.annotation.ProxyCachingConfiguration$$EnhancerBySpringCGLIB$$94f088a3] is not eligible for getting processed by all BeanPostProcessors (for example: not eligible for auto-proxying)
[m[32m2017-12-01 20:14:27.472 WAT [main] o.s.c.s.PostProcessorRegistrationDelegate$BeanPostProcessorChecker INFO : Bean 'org.springframework.boot.autoconfigure.cache.CacheAutoConfiguration' of type [org.springframework.boot.autoconfigure.cache.CacheAutoConfiguration$$EnhancerBySpringCGLIB$$89644d47] is not eligible for getting processed by all BeanPostProcessors (for example: not eligible for auto-proxying)
[m[32m2017-12-01 20:14:27.667 WAT [main] o.s.c.s.PostProcessorRegistrationDelegate$BeanPostProcessorChecker INFO : Bean 'spring.cache-org.springframework.boot.autoconfigure.cache.CacheProperties' of type [org.springframework.boot.autoconfigure.cache.CacheProperties] is not eligible for getting processed by all BeanPostProcessors (for example: not eligible for auto-proxying)
[m[32m2017-12-01 20:14:27.686 WAT [main] o.s.c.s.PostProcessorRegistrationDelegate$BeanPostProcessorChecker INFO : Bean 'cacheManagerCustomizers' of type [org.springframework.boot.autoconfigure.cache.CacheManagerCustomizers] is not eligible for getting processed by all BeanPostProcessors (for example: not eligible for auto-proxying)
[m[32m2017-12-01 20:14:27.692 WAT [main] o.s.c.s.PostProcessorRegistrationDelegate$BeanPostProcessorChecker INFO : Bean 'org.springframework.boot.autoconfigure.cache.SimpleCacheConfiguration' of type [org.springframework.boot.autoconfigure.cache.SimpleCacheConfiguration$$EnhancerBySpringCGLIB$$2affc028] is not eligible for getting processed by all BeanPostProcessors (for example: not eligible for auto-proxying)
[m[32m2017-12-01 20:14:27.708 WAT [main] o.s.c.s.PostProcessorRegistrationDelegate$BeanPostProcessorChecker INFO : Bean 'cacheManager' of type [org.springframework.cache.concurrent.ConcurrentMapCacheManager] is not eligible for getting processed by all BeanPostProcessors (for example: not eligible for auto-proxying)
[m[32m2017-12-01 20:14:27.709 WAT [main] o.s.c.s.PostProcessorRegistrationDelegate$BeanPostProcessorChecker INFO : Bean 'cacheAutoConfigurationValidator' of type [org.springframework.boot.autoconfigure.cache.CacheAutoConfiguration$CacheManagerValidator] is not eligible for getting processed by all BeanPostProcessors (for example: not eligible for auto-proxying)
[m[32m2017-12-01 20:14:28.495 WAT [main] o.s.b.c.e.t.TomcatEmbeddedServletContainer INFO : Tomcat initialized with port(s): 8082 (http)
[m[32m2017-12-01 20:14:28.700 WAT [localhost-startStop-1] o.s.w.c.ContextLoader INFO : Root WebApplicationContext: initialization completed in 4224 ms
[m[32m2017-12-01 20:14:29.138 WAT [localhost-startStop-1] o.s.b.w.s.ServletRegistrationBean INFO : Mapping servlet: 'dispatcherServlet' to [/]
[m[32m2017-12-01 20:14:29.145 WAT [localhost-startStop-1] o.s.b.w.s.FilterRegistrationBean INFO : Mapping filter: 'metricsFilter' to: [/*]
[m[32m2017-12-01 20:14:29.146 WAT [localhost-startStop-1] o.s.b.w.s.FilterRegistrationBean INFO : Mapping filter: 'characterEncodingFilter' to: [/*]
[m[32m2017-12-01 20:14:29.146 WAT [localhost-startStop-1] o.s.b.w.s.FilterRegistrationBean INFO : Mapping filter: 'webRequestLoggingFilter' to: [/*]
[m[32m2017-12-01 20:14:29.146 WAT [localhost-startStop-1] o.s.b.w.s.FilterRegistrationBean INFO : Mapping filter: 'applicationContextIdFilter' to: [/*]
[m[32m2017-12-01 20:14:30.077 WAT [main] o.s.w.s.m.m.a.RequestMappingHandlerMapping INFO : Mapped "{[/axes/count],methods=[GET]}" onto public org.springframework.http.ResponseEntity<java.util.HashMap<java.lang.String, java.lang.Integer>> com.bootcamp.controllers.AxeController.countAxes() throws java.sql.SQLException
[m[32m2017-12-01 20:14:30.079 WAT [main] o.s.w.s.m.m.a.RequestMappingHandlerMapping INFO : Mapped "{[/axes],methods=[GET]}" onto public org.springframework.http.ResponseEntity<java.util.List<com.bootcamp.entities.Axe>> com.bootcamp.controllers.AxeController.read() throws java.lang.reflect.InvocationTargetException,java.sql.SQLException,com.bootcamp.commons.exceptions.DatabaseException,java.lang.IllegalAccessException
[m[32m2017-12-01 20:14:30.080 WAT [main] o.s.w.s.m.m.a.RequestMappingHandlerMapping INFO : Mapped "{[/]}" onto public java.lang.String com.bootcamp.controllers.HomeController.index()
[m[32m2017-12-01 20:14:30.082 WAT [main] o.s.w.s.m.m.a.RequestMappingHandlerMapping INFO : Mapped "{[/piliers/{id}],methods=[GET]}" onto public org.springframework.http.ResponseEntity<com.bootcamp.entities.Pilier> com.bootcamp.controllers.PilierController.read(int) throws java.sql.SQLException
[m[32m2017-12-01 20:14:30.083 WAT [main] o.s.w.s.m.m.a.RequestMappingHandlerMapping INFO : Mapped "{[/piliers],methods=[GET]}" onto public org.springframework.http.ResponseEntity<java.util.List<com.bootcamp.entities.Pilier>> com.bootcamp.controllers.PilierController.read() throws java.sql.SQLException,java.lang.IllegalAccessException,com.bootcamp.commons.exceptions.DatabaseException,java.lang.reflect.InvocationTargetException
[m[32m2017-12-01 20:14:30.084 WAT [main] o.s.w.s.m.m.a.RequestMappingHandlerMapping INFO : Mapped "{[/v2/api-docs],methods=[GET],produces=[application/json || application/hal+json]}" onto public org.springframework.http.ResponseEntity<springfox.documentation.spring.web.json.Json> springfox.documentation.swagger2.web.Swagger2Controller.getDocumentation(java.lang.String,javax.servlet.http.HttpServletRequest)
[m[32m2017-12-01 20:14:30.092 WAT [main] o.s.w.s.m.m.a.RequestMappingHandlerMapping INFO : Mapped "{[/swagger-resources/configuration/security]}" onto org.springframework.http.ResponseEntity<springfox.documentation.swagger.web.SecurityConfiguration> springfox.documentation.swagger.web.ApiResourceController.securityConfiguration()
[m[32m2017-12-01 20:14:30.093 WAT [main] o.s.w.s.m.m.a.RequestMappingHandlerMapping INFO : Mapped "{[/swagger-resources/configuration/ui]}" onto org.springframework.http.ResponseEntity<springfox.documentation.swagger.web.UiConfiguration> springfox.documentation.swagger.web.ApiResourceController.uiConfiguration()
[m[32m2017-12-01 20:14:30.095 WAT [main] o.s.w.s.m.m.a.RequestMappingHandlerMapping INFO : Mapped "{[/swagger-resources]}" onto org.springframework.http.ResponseEntity<java.util.List<springfox.documentation.swagger.web.SwaggerResource>> springfox.documentation.swagger.web.ApiResourceController.swaggerResources()
[m[32m2017-12-01 20:14:30.102 WAT [main] o.s.w.s.m.m.a.RequestMappingHandlerMapping INFO : Mapped "{[/error],produces=[text/html]}" onto public org.springframework.web.servlet.ModelAndView org.springframework.boot.autoconfigure.web.BasicErrorController.errorHtml(javax.servlet.http.HttpServletRequest,javax.servlet.http.HttpServletResponse)
[m[32m2017-12-01 20:14:30.103 WAT [main] o.s.w.s.m.m.a.RequestMappingHandlerMapping INFO : Mapped "{[/error]}" onto public org.springframework.http.ResponseEntity<java.util.Map<java.lang.String, java.lang.Object>> org.springframework.boot.autoconfigure.web.BasicErrorController.error(javax.servlet.http.HttpServletRequest)
[m[32m2017-12-01 20:14:30.549 WAT [main] o.s.b.a.e.m.EndpointHandlerMapping INFO : Mapped "{[/auditevents || /auditevents.json],methods=[GET],produces=[application/vnd.spring-boot.actuator.v1+json || application/json]}" onto public org.springframework.http.ResponseEntity<?> org.springframework.boot.actuate.endpoint.mvc.AuditEventsMvcEndpoint.findByPrincipalAndAfterAndType(java.lang.String,java.util.Date,java.lang.String)
[m[32m2017-12-01 20:14:30.550 WAT [main] o.s.b.a.e.m.EndpointHandlerMapping INFO : Mapped "{[/info || /info.json],methods=[GET],produces=[application/vnd.spring-boot.actuator.v1+json || application/json]}" onto public java.lang.Object org.springframework.boot.actuate.endpoint.mvc.EndpointMvcAdapter.invoke()
[m[32m2017-12-01 20:14:30.552 WAT [main] o.s.b.a.e.m.EndpointHandlerMapping INFO : Mapped "{[/autoconfig || /autoconfig.json],methods=[GET],produces=[application/vnd.spring-boot.actuator.v1+json || application/json]}" onto public java.lang.Object org.springframework.boot.actuate.endpoint.mvc.EndpointMvcAdapter.invoke()
[m[32m2017-12-01 20:14:30.556 WAT [main] o.s.b.a.e.m.EndpointHandlerMapping INFO : Mapped "{[/configprops || /configprops.json],methods=[GET],produces=[application/vnd.spring-boot.actuator.v1+json || application/json]}" onto public java.lang.Object org.springframework.boot.actuate.endpoint.mvc.EndpointMvcAdapter.invoke()
[m[32m2017-12-01 20:14:30.558 WAT [main] o.s.b.a.e.m.EndpointHandlerMapping INFO : Mapped "{[/health || /health.json],methods=[GET],produces=[application/vnd.spring-boot.actuator.v1+json || application/json]}" onto public java.lang.Object org.springframework.boot.actuate.endpoint.mvc.HealthMvcEndpoint.invoke(javax.servlet.http.HttpServletRequest,java.security.Principal)
[m[32m2017-12-01 20:14:30.559 WAT [main] o.s.b.a.e.m.EndpointHandlerMapping INFO : Mapped "{[/heapdump || /heapdump.json],methods=[GET],produces=[application/octet-stream]}" onto public void org.springframework.boot.actuate.endpoint.mvc.HeapdumpMvcEndpoint.invoke(boolean,javax.servlet.http.HttpServletRequest,javax.servlet.http.HttpServletResponse) throws java.io.IOException,javax.servlet.ServletException
[m[32m2017-12-01 20:14:30.561 WAT [main] o.s.b.a.e.m.EndpointHandlerMapping INFO : Mapped "{[/trace || /trace.json],methods=[GET],produces=[application/vnd.spring-boot.actuator.v1+json || application/json]}" onto public java.lang.Object org.springframework.boot.actuate.endpoint.mvc.EndpointMvcAdapter.invoke()
[m[32m2017-12-01 20:14:30.562 WAT [main] o.s.b.a.e.m.EndpointHandlerMapping INFO : Mapped "{[/metrics/{name:.*}],methods=[GET],produces=[application/vnd.spring-boot.actuator.v1+json || application/json]}" onto public java.lang.Object org.springframework.boot.actuate.endpoint.mvc.MetricsMvcEndpoint.value(java.lang.String)
[m[32m2017-12-01 20:14:30.562 WAT [main] o.s.b.a.e.m.EndpointHandlerMapping INFO : Mapped "{[/metrics || /metrics.json],methods=[GET],produces=[application/vnd.spring-boot.actuator.v1+json || application/json]}" onto public java.lang.Object org.springframework.boot.actuate.endpoint.mvc.EndpointMvcAdapter.invoke()
[m[32m2017-12-01 20:14:30.564 WAT [main] o.s.b.a.e.m.EndpointHandlerMapping INFO : Mapped "{[/env/{name:.*}],methods=[GET],produces=[application/vnd.spring-boot.actuator.v1+json || application/json]}" onto public java.lang.Object org.springframework.boot.actuate.endpoint.mvc.EnvironmentMvcEndpoint.value(java.lang.String)
[m[32m2017-12-01 20:14:30.565 WAT [main] o.s.b.a.e.m.EndpointHandlerMapping INFO : Mapped "{[/env || /env.json],methods=[GET],produces=[application/vnd.spring-boot.actuator.v1+json || application/json]}" onto public java.lang.Object org.springframework.boot.actuate.endpoint.mvc.EndpointMvcAdapter.invoke()
[m[32m2017-12-01 20:14:30.566 WAT [main] o.s.b.a.e.m.EndpointHandlerMapping INFO : Mapped "{[/dump || /dump.json],methods=[GET],produces=[application/vnd.spring-boot.actuator.v1+json || application/json]}" onto public java.lang.Object org.springframework.boot.actuate.endpoint.mvc.EndpointMvcAdapter.invoke()
[m[32m2017-12-01 20:14:30.567 WAT [main] o.s.b.a.e.m.EndpointHandlerMapping INFO : Mapped "{[/beans || /beans.json],methods=[GET],produces=[application/vnd.spring-boot.actuator.v1+json || application/json]}" onto public java.lang.Object org.springframework.boot.actuate.endpoint.mvc.EndpointMvcAdapter.invoke()
[m[32m2017-12-01 20:14:30.571 WAT [main] o.s.b.a.e.m.EndpointHandlerMapping INFO : Mapped "{[/loggers/{name:.*}],methods=[GET],produces=[application/vnd.spring-boot.actuator.v1+json || application/json]}" onto public java.lang.Object org.springframework.boot.actuate.endpoint.mvc.LoggersMvcEndpoint.get(java.lang.String)
[m[32m2017-12-01 20:14:30.571 WAT [main] o.s.b.a.e.m.EndpointHandlerMapping INFO : Mapped "{[/loggers/{name:.*}],methods=[POST],consumes=[application/vnd.spring-boot.actuator.v1+json || application/json],produces=[application/vnd.spring-boot.actuator.v1+json || application/json]}" onto public java.lang.Object org.springframework.boot.actuate.endpoint.mvc.LoggersMvcEndpoint.set(java.lang.String,java.util.Map<java.lang.String, java.lang.String>)
[m[32m2017-12-01 20:14:30.572 WAT [main] o.s.b.a.e.m.EndpointHandlerMapping INFO : Mapped "{[/loggers || /loggers.json],methods=[GET],produces=[application/vnd.spring-boot.actuator.v1+json || application/json]}" onto public java.lang.Object org.springframework.boot.actuate.endpoint.mvc.EndpointMvcAdapter.invoke()
[m[32m2017-12-01 20:14:30.573 WAT [main] o.s.b.a.e.m.EndpointHandlerMapping INFO : Mapped "{[/mappings || /mappings.json],methods=[GET],produces=[application/vnd.spring-boot.actuator.v1+json || application/json]}" onto public java.lang.Object org.springframework.boot.actuate.endpoint.mvc.EndpointMvcAdapter.invoke()
[m[32m2017-12-01 20:14:31.120 WAT [main] o.s.w.s.h.SimpleUrlHandlerMapping INFO : Mapped URL path [/swagger-ui.html] onto handler of type [class org.springframework.web.servlet.resource.ResourceHttpRequestHandler]
[m[32m2017-12-01 20:14:31.120 WAT [main] o.s.w.s.h.SimpleUrlHandlerMapping INFO : Mapped URL path [/webjars/**] onto handler of type [class org.springframework.web.servlet.resource.ResourceHttpRequestHandler]
[m[32m2017-12-01 20:14:31.233 WAT [main] o.s.w.s.m.m.a.RequestMappingHandlerAdapter INFO : Looking for @ControllerAdvice: org.springframework.boot.context.embedded.AnnotationConfigEmbeddedWebApplicationContext@50ea3da4: startup date [Fri Dec 01 20:14:24 WAT 2017]; root of context hierarchy
[m[33m2017-12-01 20:14:32.363 WAT [main] o.s.b.a.t.AbstractTemplateResolverConfiguration WARN : Cannot find template location: classpath:/templates/ (please add some templates or check your Thymeleaf configuration)
[m[32m2017-12-01 20:14:32.599 WAT [main] o.s.c.s.DefaultLifecycleProcessor INFO : Starting beans in phase 2147483647
[m[32m2017-12-01 20:14:33.254 WAT [main] o.s.b.c.e.t.TomcatEmbeddedServletContainer INFO : Tomcat started on port(s): 8082 (http)
[m[32m2017-12-01 20:14:33.268 WAT [main] c.b.a.Application INFO : Started Application in 10.852 seconds (JVM running for 30.999)
[m[32m2017-12-01 20:50:23.363 WAT [main] c.b.a.Application INFO : Starting Application on itbrain with PID 2021 (/home/ibrahim/projet/bootcamp/rintio/categorie.service.fonctionnel/target/classes started by ibrahim in /home/ibrahim/projet/bootcamp/rintio/categorie.service.fonctionnel)
[m[32m2017-12-01 20:50:23.386 WAT [main] c.b.a.Application DEBUG: Running with Spring Boot v1.5.8.RELEASE, Spring v4.3.12.RELEASE
[m[32m2017-12-01 20:50:23.388 WAT [main] c.b.a.Application INFO : No active profile set, falling back to default profiles: default
[m[32m2017-12-01 20:50:24.208 WAT [main] o.s.b.c.e.AnnotationConfigEmbeddedWebApplicationContext INFO : Refreshing org.springframework.boot.context.embedded.AnnotationConfigEmbeddedWebApplicationContext@68b4d1eb: startup date [Fri Dec 01 20:50:24 WAT 2017]; root of context hierarchy
[m[32m2017-12-01 20:50:28.188 WAT [main] o.s.c.s.PostProcessorRegistrationDelegate$BeanPostProcessorChecker INFO : Bean 'org.springframework.cache.annotation.ProxyCachingConfiguration' of type [org.springframework.cache.annotation.ProxyCachingConfiguration$$EnhancerBySpringCGLIB$$69411b79] is not eligible for getting processed by all BeanPostProcessors (for example: not eligible for auto-proxying)
[m[32m2017-12-01 20:50:28.250 WAT [main] o.s.c.s.PostProcessorRegistrationDelegate$BeanPostProcessorChecker INFO : Bean 'org.springframework.boot.autoconfigure.cache.CacheAutoConfiguration' of type [org.springframework.boot.autoconfigure.cache.CacheAutoConfiguration$$EnhancerBySpringCGLIB$$5db4e01d] is not eligible for getting processed by all BeanPostProcessors (for example: not eligible for auto-proxying)
[m[32m2017-12-01 20:50:28.440 WAT [main] o.s.c.s.PostProcessorRegistrationDelegate$BeanPostProcessorChecker INFO : Bean 'spring.cache-org.springframework.boot.autoconfigure.cache.CacheProperties' of type [org.springframework.boot.autoconfigure.cache.CacheProperties] is not eligible for getting processed by all BeanPostProcessors (for example: not eligible for auto-proxying)
[m[32m2017-12-01 20:50:28.458 WAT [main] o.s.c.s.PostProcessorRegistrationDelegate$BeanPostProcessorChecker INFO : Bean 'cacheManagerCustomizers' of type [org.springframework.boot.autoconfigure.cache.CacheManagerCustomizers] is not eligible for getting processed by all BeanPostProcessors (for example: not eligible for auto-proxying)
[m[32m2017-12-01 20:50:28.464 WAT [main] o.s.c.s.PostProcessorRegistrationDelegate$BeanPostProcessorChecker INFO : Bean 'org.springframework.boot.autoconfigure.cache.SimpleCacheConfiguration' of type [org.springframework.boot.autoconfigure.cache.SimpleCacheConfiguration$$EnhancerBySpringCGLIB$$ff5052fe] is not eligible for getting processed by all BeanPostProcessors (for example: not eligible for auto-proxying)
[m[32m2017-12-01 20:50:28.479 WAT [main] o.s.c.s.PostProcessorRegistrationDelegate$BeanPostProcessorChecker INFO : Bean 'cacheManager' of type [org.springframework.cache.concurrent.ConcurrentMapCacheManager] is not eligible for getting processed by all BeanPostProcessors (for example: not eligible for auto-proxying)
[m[32m2017-12-01 20:50:28.480 WAT [main] o.s.c.s.PostProcessorRegistrationDelegate$BeanPostProcessorChecker INFO : Bean 'cacheAutoConfigurationValidator' of type [org.springframework.boot.autoconfigure.cache.CacheAutoConfiguration$CacheManagerValidator] is not eligible for getting processed by all BeanPostProcessors (for example: not eligible for auto-proxying)
[m[32m2017-12-01 20:50:29.122 WAT [main] o.s.b.c.e.t.TomcatEmbeddedServletContainer INFO : Tomcat initialized with port(s): 8082 (http)
[m[32m2017-12-01 20:50:29.300 WAT [localhost-startStop-1] o.s.w.c.ContextLoader INFO : Root WebApplicationContext: initialization completed in 5092 ms
[m[32m2017-12-01 20:50:29.675 WAT [localhost-startStop-1] o.s.b.w.s.ServletRegistrationBean INFO : Mapping servlet: 'dispatcherServlet' to [/]
[m[32m2017-12-01 20:50:29.682 WAT [localhost-startStop-1] o.s.b.w.s.FilterRegistrationBean INFO : Mapping filter: 'metricsFilter' to: [/*]
[m[32m2017-12-01 20:50:29.683 WAT [localhost-startStop-1] o.s.b.w.s.FilterRegistrationBean INFO : Mapping filter: 'characterEncodingFilter' to: [/*]
[m[32m2017-12-01 20:50:29.683 WAT [localhost-startStop-1] o.s.b.w.s.FilterRegistrationBean INFO : Mapping filter: 'webRequestLoggingFilter' to: [/*]
[m[32m2017-12-01 20:50:29.683 WAT [localhost-startStop-1] o.s.b.w.s.FilterRegistrationBean INFO : Mapping filter: 'applicationContextIdFilter' to: [/*]
[m[32m2017-12-01 20:50:30.415 WAT [main] o.s.w.s.m.m.a.RequestMappingHandlerMapping INFO : Mapped "{[/axes/count],methods=[GET]}" onto public org.springframework.http.ResponseEntity<java.util.HashMap<java.lang.String, java.lang.Integer>> com.bootcamp.controllers.AxeController.countAxes() throws java.sql.SQLException
[m[32m2017-12-01 20:50:30.417 WAT [main] o.s.w.s.m.m.a.RequestMappingHandlerMapping INFO : Mapped "{[/axes],methods=[GET]}" onto public org.springframework.http.ResponseEntity<java.util.List<com.bootcamp.entities.Axe>> com.bootcamp.controllers.AxeController.read() throws java.lang.reflect.InvocationTargetException,java.sql.SQLException,com.bootcamp.commons.exceptions.DatabaseException,java.lang.IllegalAccessException
[m[32m2017-12-01 20:50:30.418 WAT [main] o.s.w.s.m.m.a.RequestMappingHandlerMapping INFO : Mapped "{[/]}" onto public java.lang.String com.bootcamp.controllers.HomeController.index()
[m[32m2017-12-01 20:50:30.420 WAT [main] o.s.w.s.m.m.a.RequestMappingHandlerMapping INFO : Mapped "{[/piliers/{id}],methods=[GET]}" onto public org.springframework.http.ResponseEntity<com.bootcamp.entities.Pilier> com.bootcamp.controllers.PilierController.read(int) throws java.sql.SQLException
[m[32m2017-12-01 20:50:30.421 WAT [main] o.s.w.s.m.m.a.RequestMappingHandlerMapping INFO : Mapped "{[/piliers],methods=[GET]}" onto public org.springframework.http.ResponseEntity<java.util.List<com.bootcamp.entities.Pilier>> com.bootcamp.controllers.PilierController.read() throws java.sql.SQLException,java.lang.IllegalAccessException,com.bootcamp.commons.exceptions.DatabaseException,java.lang.reflect.InvocationTargetException
[m[32m2017-12-01 20:50:30.422 WAT [main] o.s.w.s.m.m.a.RequestMappingHandlerMapping INFO : Mapped "{[/v2/api-docs],methods=[GET],produces=[application/json || application/hal+json]}" onto public org.springframework.http.ResponseEntity<springfox.documentation.spring.web.json.Json> springfox.documentation.swagger2.web.Swagger2Controller.getDocumentation(java.lang.String,javax.servlet.http.HttpServletRequest)
[m[32m2017-12-01 20:50:30.430 WAT [main] o.s.w.s.m.m.a.RequestMappingHandlerMapping INFO : Mapped "{[/swagger-resources]}" onto org.springframework.http.ResponseEntity<java.util.List<springfox.documentation.swagger.web.SwaggerResource>> springfox.documentation.swagger.web.ApiResourceController.swaggerResources()
[m[32m2017-12-01 20:50:30.431 WAT [main] o.s.w.s.m.m.a.RequestMappingHandlerMapping INFO : Mapped "{[/swagger-resources/configuration/ui]}" onto org.springframework.http.ResponseEntity<springfox.documentation.swagger.web.UiConfiguration> springfox.documentation.swagger.web.ApiResourceController.uiConfiguration()
[m[32m2017-12-01 20:50:30.433 WAT [main] o.s.w.s.m.m.a.RequestMappingHandlerMapping INFO : Mapped "{[/swagger-resources/configuration/security]}" onto org.springframework.http.ResponseEntity<springfox.documentation.swagger.web.SecurityConfiguration> springfox.documentation.swagger.web.ApiResourceController.securityConfiguration()
[m[32m2017-12-01 20:50:30.442 WAT [main] o.s.w.s.m.m.a.RequestMappingHandlerMapping INFO : Mapped "{[/error],produces=[text/html]}" onto public org.springframework.web.servlet.ModelAndView org.springframework.boot.autoconfigure.web.BasicErrorController.errorHtml(javax.servlet.http.HttpServletRequest,javax.servlet.http.HttpServletResponse)
[m[32m2017-12-01 20:50:30.442 WAT [main] o.s.w.s.m.m.a.RequestMappingHandlerMapping INFO : Mapped "{[/error]}" onto public org.springframework.http.ResponseEntity<java.util.Map<java.lang.String, java.lang.Object>> org.springframework.boot.autoconfigure.web.BasicErrorController.error(javax.servlet.http.HttpServletRequest)
[m[32m2017-12-01 20:50:30.994 WAT [main] o.s.b.a.e.m.EndpointHandlerMapping INFO : Mapped "{[/trace || /trace.json],methods=[GET],produces=[application/vnd.spring-boot.actuator.v1+json || application/json]}" onto public java.lang.Object org.springframework.boot.actuate.endpoint.mvc.EndpointMvcAdapter.invoke()
[m[32m2017-12-01 20:50:30.997 WAT [main] o.s.b.a.e.m.EndpointHandlerMapping INFO : Mapped "{[/auditevents || /auditevents.json],methods=[GET],produces=[application/vnd.spring-boot.actuator.v1+json || application/json]}" onto public org.springframework.http.ResponseEntity<?> org.springframework.boot.actuate.endpoint.mvc.AuditEventsMvcEndpoint.findByPrincipalAndAfterAndType(java.lang.String,java.util.Date,java.lang.String)
[m[32m2017-12-01 20:50:30.999 WAT [main] o.s.b.a.e.m.EndpointHandlerMapping INFO : Mapped "{[/env/{name:.*}],methods=[GET],produces=[application/vnd.spring-boot.actuator.v1+json || application/json]}" onto public java.lang.Object org.springframework.boot.actuate.endpoint.mvc.EnvironmentMvcEndpoint.value(java.lang.String)
[m[32m2017-12-01 20:50:31.000 WAT [main] o.s.b.a.e.m.EndpointHandlerMapping INFO : Mapped "{[/env || /env.json],methods=[GET],produces=[application/vnd.spring-boot.actuator.v1+json || application/json]}" onto public java.lang.Object org.springframework.boot.actuate.endpoint.mvc.EndpointMvcAdapter.invoke()
[m[32m2017-12-01 20:50:31.004 WAT [main] o.s.b.a.e.m.EndpointHandlerMapping INFO : Mapped "{[/health || /health.json],methods=[GET],produces=[application/vnd.spring-boot.actuator.v1+json || application/json]}" onto public java.lang.Object org.springframework.boot.actuate.endpoint.mvc.HealthMvcEndpoint.invoke(javax.servlet.http.HttpServletRequest,java.security.Principal)
[m[32m2017-12-01 20:50:31.006 WAT [main] o.s.b.a.e.m.EndpointHandlerMapping INFO : Mapped "{[/mappings || /mappings.json],methods=[GET],produces=[application/vnd.spring-boot.actuator.v1+json || application/json]}" onto public java.lang.Object org.springframework.boot.actuate.endpoint.mvc.EndpointMvcAdapter.invoke()
[m[32m2017-12-01 20:50:31.007 WAT [main] o.s.b.a.e.m.EndpointHandlerMapping INFO : Mapped "{[/metrics/{name:.*}],methods=[GET],produces=[application/vnd.spring-boot.actuator.v1+json || application/json]}" onto public java.lang.Object org.springframework.boot.actuate.endpoint.mvc.MetricsMvcEndpoint.value(java.lang.String)
[m[32m2017-12-01 20:50:31.008 WAT [main] o.s.b.a.e.m.EndpointHandlerMapping INFO : Mapped "{[/metrics || /metrics.json],methods=[GET],produces=[application/vnd.spring-boot.actuator.v1+json || application/json]}" onto public java.lang.Object org.springframework.boot.actuate.endpoint.mvc.EndpointMvcAdapter.invoke()
[m[32m2017-12-01 20:50:31.010 WAT [main] o.s.b.a.e.m.EndpointHandlerMapping INFO : Mapped "{[/heapdump || /heapdump.json],methods=[GET],produces=[application/octet-stream]}" onto public void org.springframework.boot.actuate.endpoint.mvc.HeapdumpMvcEndpoint.invoke(boolean,javax.servlet.http.HttpServletRequest,javax.servlet.http.HttpServletResponse) throws java.io.IOException,javax.servlet.ServletException
[m[32m2017-12-01 20:50:31.015 WAT [main] o.s.b.a.e.m.EndpointHandlerMapping INFO : Mapped "{[/loggers/{name:.*}],methods=[GET],produces=[application/vnd.spring-boot.actuator.v1+json || application/json]}" onto public java.lang.Object org.springframework.boot.actuate.endpoint.mvc.LoggersMvcEndpoint.get(java.lang.String)
[m[32m2017-12-01 20:50:31.016 WAT [main] o.s.b.a.e.m.EndpointHandlerMapping INFO : Mapped "{[/loggers/{name:.*}],methods=[POST],consumes=[application/vnd.spring-boot.actuator.v1+json || application/json],produces=[application/vnd.spring-boot.actuator.v1+json || application/json]}" onto public java.lang.Object org.springframework.boot.actuate.endpoint.mvc.LoggersMvcEndpoint.set(java.lang.String,java.util.Map<java.lang.String, java.lang.String>)
[m[32m2017-12-01 20:50:31.017 WAT [main] o.s.b.a.e.m.EndpointHandlerMapping INFO : Mapped "{[/loggers || /loggers.json],methods=[GET],produces=[application/vnd.spring-boot.actuator.v1+json || application/json]}" onto public java.lang.Object org.springframework.boot.actuate.endpoint.mvc.EndpointMvcAdapter.invoke()
[m[32m2017-12-01 20:50:31.018 WAT [main] o.s.b.a.e.m.EndpointHandlerMapping INFO : Mapped "{[/configprops || /configprops.json],methods=[GET],produces=[application/vnd.spring-boot.actuator.v1+json || application/json]}" onto public java.lang.Object org.springframework.boot.actuate.endpoint.mvc.EndpointMvcAdapter.invoke()
[m[32m2017-12-01 20:50:31.020 WAT [main] o.s.b.a.e.m.EndpointHandlerMapping INFO : Mapped "{[/dump || /dump.json],methods=[GET],produces=[application/vnd.spring-boot.actuator.v1+json || application/json]}" onto public java.lang.Object org.springframework.boot.actuate.endpoint.mvc.EndpointMvcAdapter.invoke()
[m[32m2017-12-01 20:50:31.021 WAT [main] o.s.b.a.e.m.EndpointHandlerMapping INFO : Mapped "{[/autoconfig || /autoconfig.json],methods=[GET],produces=[application/vnd.spring-boot.actuator.v1+json || application/json]}" onto public java.lang.Object org.springframework.boot.actuate.endpoint.mvc.EndpointMvcAdapter.invoke()
[m[32m2017-12-01 20:50:31.022 WAT [main] o.s.b.a.e.m.EndpointHandlerMapping INFO : Mapped "{[/beans || /beans.json],methods=[GET],produces=[application/vnd.spring-boot.actuator.v1+json || application/json]}" onto public java.lang.Object org.springframework.boot.actuate.endpoint.mvc.EndpointMvcAdapter.invoke()
[m[32m2017-12-01 20:50:31.023 WAT [main] o.s.b.a.e.m.EndpointHandlerMapping INFO : Mapped "{[/info || /info.json],methods=[GET],produces=[application/vnd.spring-boot.actuator.v1+json || application/json]}" onto public java.lang.Object org.springframework.boot.actuate.endpoint.mvc.EndpointMvcAdapter.invoke()
[m[32m2017-12-01 20:50:31.436 WAT [main] o.s.w.s.h.SimpleUrlHandlerMapping INFO : Mapped URL path [/swagger-ui.html] onto handler of type [class org.springframework.web.servlet.resource.ResourceHttpRequestHandler]
[m[32m2017-12-01 20:50:31.436 WAT [main] o.s.w.s.h.SimpleUrlHandlerMapping INFO : Mapped URL path [/webjars/**] onto handler of type [class org.springframework.web.servlet.resource.ResourceHttpRequestHandler]
[m[32m2017-12-01 20:50:31.532 WAT [main] o.s.w.s.m.m.a.RequestMappingHandlerAdapter INFO : Looking for @ControllerAdvice: org.springframework.boot.context.embedded.AnnotationConfigEmbeddedWebApplicationContext@68b4d1eb: startup date [Fri Dec 01 20:50:24 WAT 2017]; root of context hierarchy
[m[33m2017-12-01 20:50:32.390 WAT [main] o.s.b.a.t.AbstractTemplateResolverConfiguration WARN : Cannot find template location: classpath:/templates/ (please add some templates or check your Thymeleaf configuration)
[m[32m2017-12-01 20:50:32.578 WAT [main] o.s.c.s.DefaultLifecycleProcessor INFO : Starting beans in phase 2147483647
[m[32m2017-12-01 20:50:33.503 WAT [main] o.s.b.c.e.t.TomcatEmbeddedServletContainer INFO : Tomcat started on port(s): 8082 (http)
[m[32m2017-12-01 20:50:33.516 WAT [main] c.b.a.Application INFO : Started Application in 12.177 seconds (JVM running for 35.629)
[m[32m2017-12-01 20:55:19.541 WAT [http-nio-8082-exec-2] o.s.w.s.DispatcherServlet INFO : FrameworkServlet 'dispatcherServlet': initialization started
[m[32m2017-12-01 20:55:19.591 WAT [http-nio-8082-exec-2] o.s.w.s.DispatcherServlet INFO : FrameworkServlet 'dispatcherServlet': initialization completed in 29 ms
[m[32m2017-12-01 21:23:53.109 WAT [Thread-3] o.s.b.c.e.AnnotationConfigEmbeddedWebApplicationContext INFO : Closing org.springframework.boot.context.embedded.AnnotationConfigEmbeddedWebApplicationContext@68b4d1eb: startup date [Fri Dec 01 20:50:24 WAT 2017]; root of context hierarchy
[m[32m2017-12-01 21:23:53.160 WAT [Thread-3] o.s.c.s.DefaultLifecycleProcessor INFO : Stopping beans in phase 2147483647
[m[32m2017-12-01 21:24:25.452 WAT [main] c.b.a.Application INFO : Starting Application on itbrain with PID 3292 (/home/ibrahim/projet/bootcamp/rintio/categorie.service.fonctionnel/target/classes started by ibrahim in /home/ibrahim/projet/bootcamp/rintio/categorie.service.fonctionnel)
[m[32m2017-12-01 21:24:25.456 WAT [main] c.b.a.Application DEBUG: Running with Spring Boot v1.5.8.RELEASE, Spring v4.3.12.RELEASE
[m[32m2017-12-01 21:24:25.459 WAT [main] c.b.a.Application INFO : No active profile set, falling back to default profiles: default
[m[32m2017-12-01 21:24:26.775 WAT [main] o.s.b.c.e.AnnotationConfigEmbeddedWebApplicationContext INFO : Refreshing org.springframework.boot.context.embedded.AnnotationConfigEmbeddedWebApplicationContext@5937eace: startup date [Fri Dec 01 21:24:26 WAT 2017]; root of context hierarchy
[m[32m2017-12-01 21:24:29.999 WAT [main] o.s.c.s.PostProcessorRegistrationDelegate$BeanPostProcessorChecker INFO : Bean 'org.springframework.cache.annotation.ProxyCachingConfiguration' of type [org.springframework.cache.annotation.ProxyCachingConfiguration$$EnhancerBySpringCGLIB$$413e5294] is not eligible for getting processed by all BeanPostProcessors (for example: not eligible for auto-proxying)
[m[32m2017-12-01 21:24:30.038 WAT [main] o.s.c.s.PostProcessorRegistrationDelegate$BeanPostProcessorChecker INFO : Bean 'org.springframework.boot.autoconfigure.cache.CacheAutoConfiguration' of type [org.springframework.boot.autoconfigure.cache.CacheAutoConfiguration$$EnhancerBySpringCGLIB$$35b21738] is not eligible for getting processed by all BeanPostProcessors (for example: not eligible for auto-proxying)
[m[32m2017-12-01 21:24:30.245 WAT [main] o.s.c.s.PostProcessorRegistrationDelegate$BeanPostProcessorChecker INFO : Bean 'spring.cache-org.springframework.boot.autoconfigure.cache.CacheProperties' of type [org.springframework.boot.autoconfigure.cache.CacheProperties] is not eligible for getting processed by all BeanPostProcessors (for example: not eligible for auto-proxying)
[m[32m2017-12-01 21:24:30.259 WAT [main] o.s.c.s.PostProcessorRegistrationDelegate$BeanPostProcessorChecker INFO : Bean 'cacheManagerCustomizers' of type [org.springframework.boot.autoconfigure.cache.CacheManagerCustomizers] is not eligible for getting processed by all BeanPostProcessors (for example: not eligible for auto-proxying)
[m[32m2017-12-01 21:24:30.263 WAT [main] o.s.c.s.PostProcessorRegistrationDelegate$BeanPostProcessorChecker INFO : Bean 'org.springframework.boot.autoconfigure.cache.SimpleCacheConfiguration' of type [org.springframework.boot.autoconfigure.cache.SimpleCacheConfiguration$$EnhancerBySpringCGLIB$$d74d8a19] is not eligible for getting processed by all BeanPostProcessors (for example: not eligible for auto-proxying)
[m[32m2017-12-01 21:24:30.275 WAT [main] o.s.c.s.PostProcessorRegistrationDelegate$BeanPostProcessorChecker INFO : Bean 'cacheManager' of type [org.springframework.cache.concurrent.ConcurrentMapCacheManager] is not eligible for getting processed by all BeanPostProcessors (for example: not eligible for auto-proxying)
[m[32m2017-12-01 21:24:30.276 WAT [main] o.s.c.s.PostProcessorRegistrationDelegate$BeanPostProcessorChecker INFO : Bean 'cacheAutoConfigurationValidator' of type [org.springframework.boot.autoconfigure.cache.CacheAutoConfiguration$CacheManagerValidator] is not eligible for getting processed by all BeanPostProcessors (for example: not eligible for auto-proxying)
[m[32m2017-12-01 21:24:31.078 WAT [main] o.s.b.c.e.t.TomcatEmbeddedServletContainer INFO : Tomcat initialized with port(s): 8082 (http)
[m[32m2017-12-01 21:24:31.294 WAT [localhost-startStop-1] o.s.w.c.ContextLoader INFO : Root WebApplicationContext: initialization completed in 4519 ms
[m[32m2017-12-01 21:24:32.181 WAT [localhost-startStop-1] o.s.b.w.s.ServletRegistrationBean INFO : Mapping servlet: 'dispatcherServlet' to [/]
[m[32m2017-12-01 21:24:32.189 WAT [localhost-startStop-1] o.s.b.w.s.FilterRegistrationBean INFO : Mapping filter: 'metricsFilter' to: [/*]
[m[32m2017-12-01 21:24:32.190 WAT [localhost-startStop-1] o.s.b.w.s.FilterRegistrationBean INFO : Mapping filter: 'characterEncodingFilter' to: [/*]
[m[32m2017-12-01 21:24:32.191 WAT [localhost-startStop-1] o.s.b.w.s.FilterRegistrationBean INFO : Mapping filter: 'webRequestLoggingFilter' to: [/*]
[m[32m2017-12-01 21:24:32.191 WAT [localhost-startStop-1] o.s.b.w.s.FilterRegistrationBean INFO : Mapping filter: 'applicationContextIdFilter' to: [/*]
[m[32m2017-12-01 21:24:33.560 WAT [main] o.s.w.s.m.m.a.RequestMappingHandlerMapping INFO : Mapped "{[/axes/count],methods=[GET]}" onto public org.springframework.http.ResponseEntity<java.util.HashMap<java.lang.String, java.lang.Integer>> com.bootcamp.controllers.AxeController.countAxes() throws java.sql.SQLException
[m[32m2017-12-01 21:24:33.562 WAT [main] o.s.w.s.m.m.a.RequestMappingHandlerMapping INFO : Mapped "{[/axes],methods=[GET]}" onto public org.springframework.http.ResponseEntity<java.util.List<com.bootcamp.entities.Axe>> com.bootcamp.controllers.AxeController.read() throws java.lang.reflect.InvocationTargetException,java.sql.SQLException,com.bootcamp.commons.exceptions.DatabaseException,java.lang.IllegalAccessException
[m[32m2017-12-01 21:24:33.563 WAT [main] o.s.w.s.m.m.a.RequestMappingHandlerMapping INFO : Mapped "{[/]}" onto public java.lang.String com.bootcamp.controllers.HomeController.index()
[m[32m2017-12-01 21:24:33.565 WAT [main] o.s.w.s.m.m.a.RequestMappingHandlerMapping INFO : Mapped "{[/piliers/{id}],methods=[GET]}" onto public org.springframework.http.ResponseEntity<com.bootcamp.entities.Pilier> com.bootcamp.controllers.PilierController.read(int) throws java.sql.SQLException
[m[32m2017-12-01 21:24:33.567 WAT [main] o.s.w.s.m.m.a.RequestMappingHandlerMapping INFO : Mapped "{[/piliers],methods=[GET]}" onto public org.springframework.http.ResponseEntity<java.util.List<com.bootcamp.entities.Pilier>> com.bootcamp.controllers.PilierController.read() throws java.sql.SQLException,java.lang.IllegalAccessException,com.bootcamp.commons.exceptions.DatabaseException,java.lang.reflect.InvocationTargetException
[m[32m2017-12-01 21:24:33.569 WAT [main] o.s.w.s.m.m.a.RequestMappingHandlerMapping INFO : Mapped "{[/v2/api-docs],methods=[GET],produces=[application/json || application/hal+json]}" onto public org.springframework.http.ResponseEntity<springfox.documentation.spring.web.json.Json> springfox.documentation.swagger2.web.Swagger2Controller.getDocumentation(java.lang.String,javax.servlet.http.HttpServletRequest)
[m[32m2017-12-01 21:24:33.578 WAT [main] o.s.w.s.m.m.a.RequestMappingHandlerMapping INFO : Mapped "{[/swagger-resources/configuration/security]}" onto org.springframework.http.ResponseEntity<springfox.documentation.swagger.web.SecurityConfiguration> springfox.documentation.swagger.web.ApiResourceController.securityConfiguration()
[m[32m2017-12-01 21:24:33.579 WAT [main] o.s.w.s.m.m.a.RequestMappingHandlerMapping INFO : Mapped "{[/swagger-resources/configuration/ui]}" onto org.springframework.http.ResponseEntity<springfox.documentation.swagger.web.UiConfiguration> springfox.documentation.swagger.web.ApiResourceController.uiConfiguration()
[m[32m2017-12-01 21:24:33.581 WAT [main] o.s.w.s.m.m.a.RequestMappingHandlerMapping INFO : Mapped "{[/swagger-resources]}" onto org.springframework.http.ResponseEntity<java.util.List<springfox.documentation.swagger.web.SwaggerResource>> springfox.documentation.swagger.web.ApiResourceController.swaggerResources()
[m[32m2017-12-01 21:24:33.590 WAT [main] o.s.w.s.m.m.a.RequestMappingHandlerMapping INFO : Mapped "{[/error],produces=[text/html]}" onto public org.springframework.web.servlet.ModelAndView org.springframework.boot.autoconfigure.web.BasicErrorController.errorHtml(javax.servlet.http.HttpServletRequest,javax.servlet.http.HttpServletResponse)
[m[32m2017-12-01 21:24:33.591 WAT [main] o.s.w.s.m.m.a.RequestMappingHandlerMapping INFO : Mapped "{[/error]}" onto public org.springframework.http.ResponseEntity<java.util.Map<java.lang.String, java.lang.Object>> org.springframework.boot.autoconfigure.web.BasicErrorController.error(javax.servlet.http.HttpServletRequest)
[m[32m2017-12-01 21:24:34.132 WAT [main] o.s.b.a.e.m.EndpointHandlerMapping INFO : Mapped "{[/auditevents || /auditevents.json],methods=[GET],produces=[application/vnd.spring-boot.actuator.v1+json || application/json]}" onto public org.springframework.http.ResponseEntity<?> org.springframework.boot.actuate.endpoint.mvc.AuditEventsMvcEndpoint.findByPrincipalAndAfterAndType(java.lang.String,java.util.Date,java.lang.String)
[m[32m2017-12-01 21:24:34.134 WAT [main] o.s.b.a.e.m.EndpointHandlerMapping INFO : Mapped "{[/heapdump || /heapdump.json],methods=[GET],produces=[application/octet-stream]}" onto public void org.springframework.boot.actuate.endpoint.mvc.HeapdumpMvcEndpoint.invoke(boolean,javax.servlet.http.HttpServletRequest,javax.servlet.http.HttpServletResponse) throws java.io.IOException,javax.servlet.ServletException
[m[32m2017-12-01 21:24:34.135 WAT [main] o.s.b.a.e.m.EndpointHandlerMapping INFO : Mapped "{[/mappings || /mappings.json],methods=[GET],produces=[application/vnd.spring-boot.actuator.v1+json || application/json]}" onto public java.lang.Object org.springframework.boot.actuate.endpoint.mvc.EndpointMvcAdapter.invoke()
[m[32m2017-12-01 21:24:34.136 WAT [main] o.s.b.a.e.m.EndpointHandlerMapping INFO : Mapped "{[/info || /info.json],methods=[GET],produces=[application/vnd.spring-boot.actuator.v1+json || application/json]}" onto public java.lang.Object org.springframework.boot.actuate.endpoint.mvc.EndpointMvcAdapter.invoke()
[m[32m2017-12-01 21:24:34.140 WAT [main] o.s.b.a.e.m.EndpointHandlerMapping INFO : Mapped "{[/beans || /beans.json],methods=[GET],produces=[application/vnd.spring-boot.actuator.v1+json || application/json]}" onto public java.lang.Object org.springframework.boot.actuate.endpoint.mvc.EndpointMvcAdapter.invoke()
[m[32m2017-12-01 21:24:34.141 WAT [main] o.s.b.a.e.m.EndpointHandlerMapping INFO : Mapped "{[/trace || /trace.json],methods=[GET],produces=[application/vnd.spring-boot.actuator.v1+json || application/json]}" onto public java.lang.Object org.springframework.boot.actuate.endpoint.mvc.EndpointMvcAdapter.invoke()
[m[32m2017-12-01 21:24:34.143 WAT [main] o.s.b.a.e.m.EndpointHandlerMapping INFO : Mapped "{[/autoconfig || /autoconfig.json],methods=[GET],produces=[application/vnd.spring-boot.actuator.v1+json || application/json]}" onto public java.lang.Object org.springframework.boot.actuate.endpoint.mvc.EndpointMvcAdapter.invoke()
[m[32m2017-12-01 21:24:34.143 WAT [main] o.s.b.a.e.m.EndpointHandlerMapping INFO : Mapped "{[/dump || /dump.json],methods=[GET],produces=[application/vnd.spring-boot.actuator.v1+json || application/json]}" onto public java.lang.Object org.springframework.boot.actuate.endpoint.mvc.EndpointMvcAdapter.invoke()
[m[32m2017-12-01 21:24:34.145 WAT [main] o.s.b.a.e.m.EndpointHandlerMapping INFO : Mapped "{[/metrics/{name:.*}],methods=[GET],produces=[application/vnd.spring-boot.actuator.v1+json || application/json]}" onto public java.lang.Object org.springframework.boot.actuate.endpoint.mvc.MetricsMvcEndpoint.value(java.lang.String)
[m[32m2017-12-01 21:24:34.145 WAT [main] o.s.b.a.e.m.EndpointHandlerMapping INFO : Mapped "{[/metrics || /metrics.json],methods=[GET],produces=[application/vnd.spring-boot.actuator.v1+json || application/json]}" onto public java.lang.Object org.springframework.boot.actuate.endpoint.mvc.EndpointMvcAdapter.invoke()
[m[32m2017-12-01 21:24:34.147 WAT [main] o.s.b.a.e.m.EndpointHandlerMapping INFO : Mapped "{[/env/{name:.*}],methods=[GET],produces=[application/vnd.spring-boot.actuator.v1+json || application/json]}" onto public java.lang.Object org.springframework.boot.actuate.endpoint.mvc.EnvironmentMvcEndpoint.value(java.lang.String)
[m[32m2017-12-01 21:24:34.147 WAT [main] o.s.b.a.e.m.EndpointHandlerMapping INFO : Mapped "{[/env || /env.json],methods=[GET],produces=[application/vnd.spring-boot.actuator.v1+json || application/json]}" onto public java.lang.Object org.springframework.boot.actuate.endpoint.mvc.EndpointMvcAdapter.invoke()
[m[32m2017-12-01 21:24:34.150 WAT [main] o.s.b.a.e.m.EndpointHandlerMapping INFO : Mapped "{[/loggers/{name:.*}],methods=[GET],produces=[application/vnd.spring-boot.actuator.v1+json || application/json]}" onto public java.lang.Object org.springframework.boot.actuate.endpoint.mvc.LoggersMvcEndpoint.get(java.lang.String)
[m[32m2017-12-01 21:24:34.151 WAT [main] o.s.b.a.e.m.EndpointHandlerMapping INFO : Mapped "{[/loggers/{name:.*}],methods=[POST],consumes=[application/vnd.spring-boot.actuator.v1+json || application/json],produces=[application/vnd.spring-boot.actuator.v1+json || application/json]}" onto public java.lang.Object org.springframework.boot.actuate.endpoint.mvc.LoggersMvcEndpoint.set(java.lang.String,java.util.Map<java.lang.String, java.lang.String>)
[m[32m2017-12-01 21:24:34.152 WAT [main] o.s.b.a.e.m.EndpointHandlerMapping INFO : Mapped "{[/loggers || /loggers.json],methods=[GET],produces=[application/vnd.spring-boot.actuator.v1+json || application/json]}" onto public java.lang.Object org.springframework.boot.actuate.endpoint.mvc.EndpointMvcAdapter.invoke()
[m[32m2017-12-01 21:24:34.153 WAT [main] o.s.b.a.e.m.EndpointHandlerMapping INFO : Mapped "{[/health || /health.json],methods=[GET],produces=[application/vnd.spring-boot.actuator.v1+json || application/json]}" onto public java.lang.Object org.springframework.boot.actuate.endpoint.mvc.HealthMvcEndpoint.invoke(javax.servlet.http.HttpServletRequest,java.security.Principal)
[m[32m2017-12-01 21:24:34.154 WAT [main] o.s.b.a.e.m.EndpointHandlerMapping INFO : Mapped "{[/configprops || /configprops.json],methods=[GET],produces=[application/vnd.spring-boot.actuator.v1+json || application/json]}" onto public java.lang.Object org.springframework.boot.actuate.endpoint.mvc.EndpointMvcAdapter.invoke()
[m[32m2017-12-01 21:24:34.715 WAT [main] o.s.w.s.h.SimpleUrlHandlerMapping INFO : Mapped URL path [/swagger-ui.html] onto handler of type [class org.springframework.web.servlet.resource.ResourceHttpRequestHandler]
[m[32m2017-12-01 21:24:34.716 WAT [main] o.s.w.s.h.SimpleUrlHandlerMapping INFO : Mapped URL path [/webjars/**] onto handler of type [class org.springframework.web.servlet.resource.ResourceHttpRequestHandler]
[m[32m2017-12-01 21:24:34.837 WAT [main] o.s.w.s.m.m.a.RequestMappingHandlerAdapter INFO : Looking for @ControllerAdvice: org.springframework.boot.context.embedded.AnnotationConfigEmbeddedWebApplicationContext@5937eace: startup date [Fri Dec 01 21:24:26 WAT 2017]; root of context hierarchy
[m[33m2017-12-01 21:24:36.676 WAT [main] o.s.b.a.t.AbstractTemplateResolverConfiguration WARN : Cannot find template location: classpath:/templates/ (please add some templates or check your Thymeleaf configuration)
[m[32m2017-12-01 21:24:37.065 WAT [main] o.s.c.s.DefaultLifecycleProcessor INFO : Starting beans in phase 2147483647
[m[32m2017-12-01 21:24:38.162 WAT [main] o.s.b.c.e.t.TomcatEmbeddedServletContainer INFO : Tomcat started on port(s): 8082 (http)
[m[32m2017-12-01 21:24:38.176 WAT [main] c.b.a.Application INFO : Started Application in 13.7 seconds (JVM running for 35.07)
[m[32m2017-12-01 21:25:44.539 WAT [http-nio-8082-exec-2] o.s.w.s.DispatcherServlet INFO : FrameworkServlet 'dispatcherServlet': initialization started
[m[32m2017-12-01 21:25:44.565 WAT [http-nio-8082-exec-2] o.s.w.s.DispatcherServlet INFO : FrameworkServlet 'dispatcherServlet': initialization completed in 25 ms
[m